<?xml version="1.0" encoding="UTF-8"?>
<!-- Generated by org.testng.reporters.JUnitXMLReporter -->
<testsuite ignored="0" hostname="DESKTOP-HC23KDJ" failures="0" tests="3" name="Sample test" time="0.351" errors="0" timestamp="2022-07-04T22:18:09 IST">
  <testcase classname="com.qa.freecrm.testcases.LoginPageTest" name="@BeforeMethod setUp" time="0.119">
    <failure type="java.lang.IllegalStateException" message="The driver executable must exist: C:\Users\MANMDHA KUMAR\Documents\chromedriver">
      <![CDATA[java.lang.IllegalStateException: The driver executable must exist: C:\Users\MANMDHA KUMAR\Documents\chromedriver
at org.openqa.selenium.internal.Require$FileStateChecker.isFile(Require.java:342)
at org.openqa.selenium.remote.service.DriverService.checkExecutable(DriverService.java:147)
at org.openqa.selenium.remote.service.DriverService.findExecutable(DriverService.java:142)
at org.openqa.selenium.chrome.ChromeDriverService.access$000(ChromeDriverService.java:39)
at org.openqa.selenium.chrome.ChromeDriverService$Builder.findDefaultExecutable(ChromeDriverService.java:233)
at org.openqa.selenium.remote.service.DriverService$Builder.build(DriverService.java:437)
at org.openqa.selenium.chrome.ChromeDriverService.createDefaultService(ChromeDriverService.java:128)
at org.openqa.selenium.chrome.ChromeDriver.<init>(ChromeDriver.java:49)
at com.qa.freecrm.base.Base.initialization(Base.java:36)
at com.qa.freecrm.testcases.LoginPageTest.setUp(LoginPageTest.java:24)
at java.base/java.util.ArrayList.forEach(ArrayList.java:1511)
... Removed 31 stack frames]]>
    </failure>
  </testcase> <!-- @BeforeMethod setUp -->
  <testcase classname="com.qa.freecrm.testcases.LoginPageTest" name="@AfterMethod tearDown" time="0.0">
    <skipped/>
  </testcase> <!-- @AfterMethod tearDown -->
  <testcase classname="com.qa.freecrm.testcases.LoginPageTest" name="@BeforeMethod setUp" time="0.0">
    <skipped/>
  </testcase> <!-- @BeforeMethod setUp -->
  <testcase classname="com.qa.freecrm.testcases.LoginPageTest" name="@AfterMethod tearDown" time="0.0">
    <skipped/>
  </testcase> <!-- @AfterMethod tearDown -->
  <testcase classname="com.qa.freecrm.testcases.LoginPageTest" name="@BeforeMethod setUp" time="0.0">
    <skipped/>
  </testcase> <!-- @BeforeMethod setUp -->
  <testcase classname="com.qa.freecrm.testcases.LoginPageTest" name="@AfterMethod tearDown" time="0.0">
    <skipped/>
  </testcase> <!-- @AfterMethod tearDown -->
  <testcase classname="com.qa.freecrm.testcases.LoginPageTest" name="validateLoginPageTest" time="0.0">
    <skipped/>
  </testcase> <!-- validateLoginPageTest -->
  <testcase classname="com.qa.freecrm.testcases.LoginPageTest" name="validateImageLogo" time="0.01">
    <skipped/>
  </testcase> <!-- validateImageLogo -->
  <testcase classname="com.qa.freecrm.testcases.LoginPageTest" name="loginTest" time="0.0">
    <skipped/>
  </testcase> <!-- loginTest -->
</testsuite> <!-- Sample test -->
